SF:lib/person.dart
DA:13,4
DA:15,1
DA:16,4
DA:17,1
DA:18,2
DA:21,2
DA:22,4
DA:25,0
DA:26,0
DA:27,0
DA:28,0
DA:29,0
DA:30,0
DA:31,0
DA:35,1
DA:36,1
DA:37,2
DA:38,1
DA:39,1
DA:40,2
DA:41,2
DA:45,0
DA:47,0
LF:23
LH:14
end_of_record
SF:lib/person_bloc.dart
DA:8,3
DA:13,8
DA:15,2
DA:16,2
DA:17,0
DA:18,2
DA:19,4
DA:21,6
DA:22,4
DA:24,2
LF:10
LH:9
end_of_record
SF:lib/person_repository.dart
DA:10,1
DA:12,1
DA:13,4
DA:15,2
DA:16,2
DA:17,4
DA:19,1
LF:7
LH:7
end_of_record
SF:lib/person_state.dart
DA:8,2
DA:16,1
LF:2
LH:2
end_of_record
SF:lib/bloc_provider.dart
DA:7,2
DA:9,1
DA:10,1
DA:12,1
DA:14,0
DA:18,0
DA:20,0
LF:7
LH:4
end_of_record
SF:lib/home_page.dart
DA:8,1
DA:10,1
DA:11,1
DA:12,1
DA:13,1
DA:14,1
DA:15,1
DA:16,1
DA:17,1
DA:18,5
DA:19,2
DA:24,1
DA:25,1
DA:26,1
DA:27,1
DA:28,2
DA:29,0
DA:30,2
DA:31,1
DA:33,1
DA:43,0
DA:45,0
DA:46,0
DA:47,0
DA:52,1
DA:54,1
DA:55,2
DA:57,1
DA:58,1
DA:59,1
DA:60,1
DA:62,1
DA:65,1
DA:66,1
DA:67,1
DA:68,1
DA:69,1
DA:70,2
DA:71,2
LF:39
LH:34
end_of_record
SF:lib/main.dart
DA:9,0
DA:10,0
DA:14,0
DA:16,0
DA:18,0
LF:5
LH:0
end_of_record
